Performing C SOURCE FILE Test CMAKE_HAVE_LIBC_PTHREAD failed with the following output:
Change Dir: /home/calyx/c_projects/NanoTrack_Libtorch/build/CMakeFiles/CMakeTmp

Run Build Command(s):/usr/bin/make -f Makefile cmTC_d8659/fast && /usr/bin/make  -f CMakeFiles/cmTC_d8659.dir/build.make CMakeFiles/cmTC_d8659.dir/build
make[1]: 进入目录“/home/calyx/c_projects/NanoTrack_Libtorch/build/CMakeFiles/CMakeTmp”
Building C object CMakeFiles/cmTC_d8659.dir/src.c.o
/usr/bin/cc -DCMAKE_HAVE_LIBC_PTHREAD   -o CMakeFiles/cmTC_d8659.dir/src.c.o -c /home/calyx/c_projects/NanoTrack_Libtorch/build/CMakeFiles/CMakeTmp/src.c
Linking C executable cmTC_d8659
/home/calyx/.local/lib/python3.6/site-packages/cmake/data/bin/cmake -E cmake_link_script CMakeFiles/cmTC_d8659.dir/link.txt --verbose=1
/usr/bin/cc -rdynamic CMakeFiles/cmTC_d8659.dir/src.c.o -o cmTC_d8659 
CMakeFiles/cmTC_d8659.dir/src.c.o：在函数‘main’中：
src.c:(.text+0x3e)：对‘pthread_create’未定义的引用
src.c:(.text+0x4a)：对‘pthread_detach’未定义的引用
src.c:(.text+0x56)：对‘pthread_cancel’未定义的引用
src.c:(.text+0x67)：对‘pthread_join’未定义的引用
src.c:(.text+0x7b)：对‘pthread_atfork’未定义的引用
collect2: error: ld returned 1 exit status
CMakeFiles/cmTC_d8659.dir/build.make:98: recipe for target 'cmTC_d8659' failed
make[1]: *** [cmTC_d8659] Error 1
make[1]: 离开目录“/home/calyx/c_projects/NanoTrack_Libtorch/build/CMakeFiles/CMakeTmp”
Makefile:127: recipe for target 'cmTC_d8659/fast' failed
make: *** [cmTC_d8659/fast] Error 2


Source file was:
#include <pthread.h>

static void* test_func(void* data)
{
  return data;
}

int main(void)
{
  pthread_t thread;
  pthread_create(&thread, NULL, test_func, NULL);
  pthread_detach(thread);
  pthread_cancel(thread);
  pthread_join(thread, NULL);
  pthread_atfork(NULL, NULL, NULL);
  pthread_exit(NULL);

  return 0;
}

Determining if the function pthread_create exists in the pthreads failed with the following output:
Change Dir: /home/calyx/c_projects/NanoTrack_Libtorch/build/CMakeFiles/CMakeTmp

Run Build Command(s):/usr/bin/make -f Makefile cmTC_584f7/fast && /usr/bin/make  -f CMakeFiles/cmTC_584f7.dir/build.make CMakeFiles/cmTC_584f7.dir/build
make[1]: 进入目录“/home/calyx/c_projects/NanoTrack_Libtorch/build/CMakeFiles/CMakeTmp”
Building C object CMakeFiles/cmTC_584f7.dir/CheckFunctionExists.c.o
/usr/bin/cc   -DCHECK_FUNCTION_EXISTS=pthread_create -o CMakeFiles/cmTC_584f7.dir/CheckFunctionExists.c.o -c /home/calyx/.local/lib/python3.6/site-packages/cmake/data/share/cmake-3.22/Modules/CheckFunctionExists.c
Linking C executable cmTC_584f7
/home/calyx/.local/lib/python3.6/site-packages/cmake/data/bin/cmake -E cmake_link_script CMakeFiles/cmTC_584f7.dir/link.txt --verbose=1
/usr/bin/cc  -DCHECK_FUNCTION_EXISTS=pthread_create -rdynamic CMakeFiles/cmTC_584f7.dir/CheckFunctionExists.c.o -o cmTC_584f7  -lpthreads 
/usr/bin/ld: 找不到 -lpthreads
collect2: error: ld returned 1 exit status
CMakeFiles/cmTC_584f7.dir/build.make:98: recipe for target 'cmTC_584f7' failed
make[1]: *** [cmTC_584f7] Error 1
make[1]: 离开目录“/home/calyx/c_projects/NanoTrack_Libtorch/build/CMakeFiles/CMakeTmp”
Makefile:127: recipe for target 'cmTC_584f7/fast' failed
make: *** [cmTC_584f7/fast] Error 2



